This is pdfTeX, Version 3.14159265-2.6-1.40.21 (MiKTeX 2.9.7300 64-bit) (preloaded format=pdflatex 2020.3.3)  7 APR 2020 19:41
entering extended mode
**"c:/Users/gdlau/Desktop/18004776_GabrielCardoso/Trópicos Avançados/Tarefas/Atividade2.tex"
("c:/Users/gdlau/Desktop/18004776_GabrielCardoso/Trópicos Avançados/Tarefas/Atividade2.tex"
LaTeX2e <2020-02-02> patch level 2
L3 programming layer <2020-02-14> ("C:\Users\gdlau\AppData\Local\Programs\MiKTeX 2.9\tex/latex/base\article.cls"
Document Class: article 2019/12/20 v1.4l Standard LaTeX document class
("C:\Users\gdlau\AppData\Local\Programs\MiKTeX 2.9\tex/latex/base\size10.clo"
File: size10.clo 2019/12/20 v1.4l Standard LaTeX file (size option)
)
\c@part=\count167
\c@section=\count168
\c@subsection=\count169
\c@subsubsection=\count170
\c@paragraph=\count171
\c@subparagraph=\count172
\c@figure=\count173
\c@table=\count174
\abovecaptionskip=\skip47
\belowcaptionskip=\skip48
\bibindent=\dimen134
) ("C:\Users\gdlau\AppData\Local\Programs\MiKTeX 2.9\tex/latex/base\inputenc.sty"
Package: inputenc 2018/08/11 v1.3c Input encoding file
\inpenc@prehook=\toks14
\inpenc@posthook=\toks15
) ("C:\Users\gdlau\AppData\Local\Programs\MiKTeX 2.9\tex/latex/natbib\natbib.sty"
Package: natbib 2010/09/13 8.31b (PWD, AO)
\bibhang=\skip49
\bibsep=\skip50
LaTeX Info: Redefining \cite on input line 694.
\c@NAT@ctr=\count175
) ("C:\Users\gdlau\AppData\Local\Programs\MiKTeX 2.9\tex/latex/graphics\graphicx.sty"
Package: graphicx 2019/11/30 v1.2a Enhanced LaTeX Graphics (DPC,SPQR)
 ("C:\Users\gdlau\AppData\Local\Programs\MiKTeX 2.9\tex/latex/graphics\keyval.sty"
Package: keyval 2014/10/28 v1.15 key=value parser (DPC)
\KV@toks@=\toks16
) ("C:\Users\gdlau\AppData\Local\Programs\MiKTeX 2.9\tex/latex/graphics\graphics.sty"
Package: graphics 2019/11/30 v1.4a Standard LaTeX Graphics (DPC,SPQR)
 ("C:\Users\gdlau\AppData\Local\Programs\MiKTeX 2.9\tex/latex/graphics\trig.sty"
Package: trig 2016/01/03 v1.10 sin cos tan (DPC)
) ("C:\Users\gdlau\AppData\Local\Programs\MiKTeX 2.9\tex/latex/graphics-cfg\graphics.cfg"
File: graphics.cfg 2016/06/04 v1.11 sample graphics configuration
)
Package graphics Info: Driver file: pdftex.def on input line 105.
 ("C:\Users\gdlau\AppData\Local\Programs\MiKTeX 2.9\tex/latex/graphics-def\pdftex.def"
File: pdftex.def 2018/01/08 v1.0l Graphics/color driver for pdftex
))
\Gin@req@height=\dimen135
\Gin@req@width=\dimen136
) ("C:\Users\gdlau\AppData\Local\Programs\MiKTeX 2.9\tex/latex/l3backend\l3backend-pdfmode.def"
File: l3backend-pdfmode.def 2020-02-03 L3 backend support: PDF mode
\l__kernel_color_stack_int=\count176
\l__pdf_internal_box=\box45
) ("c:\Users\gdlau\Desktop\18004776_GabrielCardoso\Trópicos Avançados\Tarefas\Atividade2.aux")
\openout1 = `Atividade2.aux'.

LaTeX Font Info:    Checking defaults for OML/cmm/m/it on input line 13.
LaTeX Font Info:    ... okay on input line 13.
LaTeX Font Info:    Checking defaults for OMS/cmsy/m/n on input line 13.
LaTeX Font Info:    ... okay on input line 13.
LaTeX Font Info:    Checking defaults for OT1/cmr/m/n on input line 13.
LaTeX Font Info:    ... okay on input line 13.
LaTeX Font Info:    Checking defaults for T1/cmr/m/n on input line 13.
LaTeX Font Info:    ... okay on input line 13.
LaTeX Font Info:    Checking defaults for TS1/cmr/m/n on input line 13.
LaTeX Font Info:    ... okay on input line 13.
LaTeX Font Info:    Checking defaults for OMX/cmex/m/n on input line 13.
LaTeX Font Info:    ... okay on input line 13.
LaTeX Font Info:    Checking defaults for U/cmr/m/n on input line 13.
LaTeX Font Info:    ... okay on input line 13.
 ("C:\Users\gdlau\AppData\Local\Programs\MiKTeX 2.9\tex/context/base/mkii\supp-pdf.mkii"
[Loading MPS to PDF converter (version 2006.09.02).]
\scratchcounter=\count177
\scratchdimen=\dimen137
\scratchbox=\box46
\nofMPsegments=\count178
\nofMParguments=\count179
\everyMPshowfont=\toks17
\MPscratchCnt=\count180
\MPscratchDim=\dimen138
\MPnumerator=\count181
\makeMPintoPDFobject=\count182
\everyMPtoPDFconversion=\toks18
) ("C:\Users\gdlau\AppData\Local\Programs\MiKTeX 2.9\tex/latex/epstopdf-pkg\epstopdf-base.sty"
Package: epstopdf-base 2020-01-24 v2.11 Base part for package epstopdf
Package epstopdf-base Info: Redefining graphics rule for `.eps' on input line 485.
)
LaTeX Font Info:    External font `cmex10' loaded for size
(Font)              <12> on input line 15.
LaTeX Font Info:    External font `cmex10' loaded for size
(Font)              <8> on input line 15.
LaTeX Font Info:    External font `cmex10' loaded for size
(Font)              <6> on input line 15.

c:/Users/gdlau/Desktop/18004776_GabrielCardoso/Trópicos Avançados/Tarefas/Atividade2.tex:22: Misplaced alignment tab character &.
l.22         while (j >= 0 &
                            & arr[j] > key) {\\
I can't figure out why you would want to use a tab mark
here. If you just want an ampersand, the remedy is
simple: Just type `I\&' now. But if some right brace
up above has ended a previous alignment prematurely,
you're probably due for more error messages, and you
might try typing `S' now just to see what is salvageable.

c:/Users/gdlau/Desktop/18004776_GabrielCardoso/Trópicos Avançados/Tarefas/Atividade2.tex:22: Misplaced alignment tab character &.
l.22         while (j >= 0 &&
                              arr[j] > key) {\\
I can't figure out why you would want to use a tab mark
here. If you just want an ampersand, the remedy is
simple: Just type `I\&' now. But if some right brace
up above has ended a previous alignment prematurely,
you're probably due for more error messages, and you
might try typing `S' now just to see what is salvageable.

c:/Users/gdlau/Desktop/18004776_GabrielCardoso/Trópicos Avançados/Tarefas/Atividade2.tex:33: Undefined control sequence.
l.33     printf("\n
                   ");\\
The control sequence at the end of the top line
of your error message was never \def'ed. If you have
misspelled it (e.g., `\hobx'), type `I' and the correct
spelling (e.g., `I\hbox'). Otherwise just continue,
and I'll forget about whatever was undefined.


Underfull \hbox (badness 10000) in paragraph at lines 17--42

 []


Underfull \hbox (badness 10000) in paragraph at lines 17--42

 []


Underfull \hbox (badness 10000) in paragraph at lines 17--42

 []


Underfull \hbox (badness 10000) in paragraph at lines 17--42

 []


Underfull \hbox (badness 10000) in paragraph at lines 17--42

 []


Underfull \hbox (badness 10000) in paragraph at lines 17--42

 []

c:/Users/gdlau/Desktop/18004776_GabrielCardoso/Trópicos Avançados/Tarefas/Atividade2.tex:44: I can't write on file `Atividade2.pdf'.
Please type another file name for output
c:/Users/gdlau/Desktop/18004776_GabrielCardoso/Trópicos Avançados/Tarefas/Atividade2.tex:44: Emergency stop.
<to be read again> 
                   \endgroup \set@typeset@protect 
l.44 \end{document}
                   
*** (job aborted, file error in nonstop mode)

 
Here is how much of TeX's memory you used:
 1511 strings out of 481556
 22290 string characters out of 2913870
 255191 words of memory out of 3000000
 16792 multiletter control sequences out of 15000+200000
 536319 words of font info for 37 fonts, out of 3000000 for 9000
 1141 hyphenation exceptions out of 8191
 30i,6n,25p,286b,189s stack positions out of 5000i,500n,10000p,200000b,50000s
c:/Users/gdlau/Desktop/18004776_GabrielCardoso/Trópicos Avançados/Tarefas/Atividade2.tex:44:  ==> Fatal error occurred, no output PDF file produced!
